0 info it worked if it ends with ok
1 verbose cli [ 'C:\\Program Files\\nodejs\\node.exe',
1 verbose cli   'C:\\Program Files\\nodejs\\node_modules\\npm\\bin\\npm-cli.js',
1 verbose cli   'run',
1 verbose cli   'start:chrome' ]
2 info using npm@3.10.10
3 info using node@v6.10.2
4 verbose run-script [ 'prestart:chrome', 'start:chrome', 'poststart:chrome' ]
5 info lifecycle verizon@1.0.0~prestart:chrome: verizon@1.0.0
6 silly lifecycle verizon@1.0.0~prestart:chrome: no script for prestart:chrome, continuing
7 info lifecycle verizon@1.0.0~start:chrome: verizon@1.0.0
8 verbose lifecycle verizon@1.0.0~start:chrome: unsafe-perm in lifecycle true
9 verbose lifecycle verizon@1.0.0~start:chrome: PATH: C:\Program Files\nodejs\node_modules\npm\bin\node-gyp-bin;C:\Users\dsood\Documents\Verizon\node_modules\.bin;C:\ProgramData\Oracle\Java\javapath;C:\WINDOWS\system32;C:\WINDOWS;C:\WINDOWS\System32\Wbem;C:\WINDOWS\System32\WindowsPowerShell\v1.0\;C:\Program Files\Java\jdk1.8.0_131\bin;C:\Program Files (x86)\Skype\Phone\;C:\Users\dsood\AppData\Local\Android\android-sdk\tools;C:\Users\dsood\AppData\Local\Android\android-sdk\platform-tools;C:\Ruby22\bin;C:\Program Files\nodejs\;C:\Program Files\nodejs\node_modules\npm\bin;C:\Program Files\TortoiseGit\bin;C:\Program Files\Git\cmd;C:\Users\dsood\Documents\apache-maven-3.5.0\bin;C:\Users\dsood\AppData\Roaming\npm;C:\Python27;C:\Ruby22\bin;C:\Users\dsood\AppData\Roaming\npm;C:\Users\dsood\AppData\Local\Microsoft\WindowsApps;C:\Users\dsood\AppData\Local\atom\bin;C:\Program Files (x86)\Microsoft VS Code\bin
10 verbose lifecycle verizon@1.0.0~start:chrome: CWD: C:\Users\dsood\Documents\Verizon
11 silly lifecycle verizon@1.0.0~start:chrome: Args: [ '/d /s /c', 'nightwatch --env chrome' ]
12 silly lifecycle verizon@1.0.0~start:chrome: Returned: code: 1  signal: null
13 info lifecycle verizon@1.0.0~start:chrome: Failed to exec start:chrome script
14 verbose stack Error: verizon@1.0.0 start:chrome: `nightwatch --env chrome`
14 verbose stack Exit status 1
14 verbose stack     at EventEmitter.<anonymous> (C:\Program Files\nodejs\node_modules\npm\lib\utils\lifecycle.js:255:16)
14 verbose stack     at emitTwo (events.js:106:13)
14 verbose stack     at EventEmitter.emit (events.js:191:7)
14 verbose stack     at ChildProcess.<anonymous> (C:\Program Files\nodejs\node_modules\npm\lib\utils\spawn.js:40:14)
14 verbose stack     at emitTwo (events.js:106:13)
14 verbose stack     at ChildProcess.emit (events.js:191:7)
14 verbose stack     at maybeClose (internal/child_process.js:886:16)
14 verbose stack     at Process.ChildProcess._handle.onexit (internal/child_process.js:226:5)
15 verbose pkgid verizon@1.0.0
16 verbose cwd C:\Users\dsood\Documents\Verizon
17 error Windows_NT 10.0.14393
18 error argv "C:\\Program Files\\nodejs\\node.exe" "C:\\Program Files\\nodejs\\node_modules\\npm\\bin\\npm-cli.js" "run" "start:chrome"
19 error node v6.10.2
20 error npm  v3.10.10
21 error code ELIFECYCLE
22 error verizon@1.0.0 start:chrome: `nightwatch --env chrome`
22 error Exit status 1
23 error Failed at the verizon@1.0.0 start:chrome script 'nightwatch --env chrome'.
23 error Make sure you have the latest version of node.js and npm installed.
23 error If you do, this is most likely a problem with the verizon package,
23 error not with npm itself.
23 error Tell the author that this fails on your system:
23 error     nightwatch --env chrome
23 error You can get information on how to open an issue for this project with:
23 error     npm bugs verizon
23 error Or if that isn't available, you can get their info via:
23 error     npm owner ls verizon
23 error There is likely additional logging output above.
24 verbose exit [ 1, true ]
