16:07:58.805 INFO - Selenium build info: version: '3.4.0', revision: 'unknown'
16:07:58.805 INFO - Launching a standalone Selenium Server
2017-07-03 16:07:58.836:INFO::main: Logging initialized @255ms to org.seleniumhq.jetty9.util.log.StdErrLog
16:07:58.905 INFO - Driver class not found: com.opera.core.systems.OperaDriver
16:07:58.905 INFO - Driver provider com.opera.core.systems.OperaDriver registration is skipped:
Unable to create new instances on this machine.
16:07:58.905 INFO - Driver class not found: com.opera.core.systems.OperaDriver
16:07:58.905 INFO - Driver provider com.opera.core.systems.OperaDriver is not registered
16:07:58.905 INFO - Driver provider org.openqa.selenium.safari.SafariDriver registration is skipped:
 registration capabilities Capabilities [{browserName=safari, version=, platform=MAC}] does not match the current platform WIN10
2017-07-03 16:07:58.952:INFO:osjs.Server:main: jetty-9.4.3.v20170317
2017-07-03 16:07:59.005:INFO:osjsh.ContextHandler:main: Started o.s.j.s.ServletContextHandler@d8355a8{/,null,AVAILABLE}
2017-07-03 16:07:59.215:INFO:osjs.AbstractConnector:main: Started ServerConnector@5f2108b5{HTTP/1.1,[http/1.1]}{0.0.0.0:5555}
2017-07-03 16:07:59.216:INFO:osjs.Server:main: Started @630ms
16:07:59.216 INFO - Selenium Server is up and running
16:08:01.244 INFO - SessionCleaner initialized with insideBrowserTimeout 0 and clientGoneTimeout 1800000 polling every 180000
16:08:01.268 INFO - Executing: [new session: Capabilities [{acceptSslCerts=true, phantomjs.binary.path=C:\Users\dsood\Documents\Verizon\node_modules\phantomjs-prebuilt\lib\phantom\bin\phantomjs.exe, name=Index, browserName=chrome, javascriptEnabled=true, platform=ANY}]])
16:08:01.276 INFO - Creating a new session for Capabilities [{acceptSslCerts=true, phantomjs.binary.path=C:\Users\dsood\Documents\Verizon\node_modules\phantomjs-prebuilt\lib\phantom\bin\phantomjs.exe, name=Index, browserName=chrome, javascriptEnabled=true, platform=ANY}]
Starting ChromeDriver 2.30.477700 (0057494ad8732195794a7b32078424f92a5fce41) on port 21711
Only local connections are allowed.
16:08:03.883 INFO - Detected dialect: OSS
16:08:03.899 INFO - Done: [new session: Capabilities [{acceptSslCerts=true, phantomjs.binary.path=C:\Users\dsood\Documents\Verizon\node_modules\phantomjs-prebuilt\lib\phantom\bin\phantomjs.exe, name=Index, browserName=chrome, javascriptEnabled=true, platform=ANY}]]
16:08:03.930 INFO - Executing: [get: https://www.khanacademy.org/])
16:08:07.961 INFO - Done: [get: https://www.khanacademy.org/]
16:08:07.971 INFO - Executing: [find elements: By.xpath: //span[contains(@class,'Search')]])
16:08:08.003 INFO - Done: [find elements: By.xpath: //span[contains(@class,'Search')]]
16:08:08.003 INFO - Executing: [find elements: By.xpath: //a[contains(@class,'signUpLink')]])
16:08:08.035 INFO - Done: [find elements: By.xpath: //a[contains(@class,'signUpLink')]]
16:08:08.035 INFO - Executing: [is displayed: 1 [[ChromeDriver: chrome on XP (cb215faafa2c01cc35bb8eb56f2c7c97)] -> xpath: //a[contains(@class,'signUpLink')]]])
16:08:08.050 INFO - Done: [is displayed: 1 [[ChromeDriver: chrome on XP (cb215faafa2c01cc35bb8eb56f2c7c97)] -> xpath: //a[contains(@class,'signUpLink')]]]
16:08:08.066 INFO - Executing: [find element: By.xpath: //a[contains(@class,'signUpLink')]])
16:08:08.089 INFO - Done: [find element: By.xpath: //a[contains(@class,'signUpLink')]]
16:08:08.093 INFO - Executing: [click: 1 [[ChromeDriver: chrome on XP (cb215faafa2c01cc35bb8eb56f2c7c97)] -> xpath: //a[contains(@class,'signUpLink')]]])
16:08:09.516 INFO - Done: [click: 1 [[ChromeDriver: chrome on XP (cb215faafa2c01cc35bb8eb56f2c7c97)] -> xpath: //a[contains(@class,'signUpLink')]]]
16:08:09.529 INFO - Executing: [find elements: By.xpath: //input[contains(@type,'email')]])
16:08:09.636 INFO - Done: [find elements: By.xpath: //input[contains(@type,'email')]]
16:08:09.636 INFO - Executing: [is displayed: 2 [[ChromeDriver: chrome on XP (cb215faafa2c01cc35bb8eb56f2c7c97)] -> xpath: //input[contains(@type,'email')]]])
16:08:09.707 INFO - Done: [is displayed: 2 [[ChromeDriver: chrome on XP (cb215faafa2c01cc35bb8eb56f2c7c97)] -> xpath: //input[contains(@type,'email')]]]
16:08:09.711 INFO - Executing: [find element: By.xpath: //input[contains(@type,'email')]])
16:08:09.736 INFO - Done: [find element: By.xpath: //input[contains(@type,'email')]]
16:08:09.739 INFO - Executing: [send keys: 2 [[ChromeDriver: chrome on XP (cb215faafa2c01cc35bb8eb56f2c7c97)] -> xpath: //input[contains(@type,'email')]], [d, e, e, p, s, 0, 7, s, a, g, i, @, g, m, a, i, l, ., c, o, m]])
16:08:09.879 INFO - Done: [send keys: 2 [[ChromeDriver: chrome on XP (cb215faafa2c01cc35bb8eb56f2c7c97)] -> xpath: //input[contains(@type,'email')]], [d, e, e, p, s, 0, 7, s, a, g, i, @, g, m, a, i, l, ., c, o, m]]
16:08:09.883 INFO - Executing: [find elements: By.xpath: //input[contains(@type,'password')]])
16:08:09.903 INFO - Done: [find elements: By.xpath: //input[contains(@type,'password')]]
16:08:09.907 INFO - Executing: [is displayed: 3 [[ChromeDriver: chrome on XP (cb215faafa2c01cc35bb8eb56f2c7c97)] -> xpath: //input[contains(@type,'password')]]])
16:08:09.926 INFO - Done: [is displayed: 3 [[ChromeDriver: chrome on XP (cb215faafa2c01cc35bb8eb56f2c7c97)] -> xpath: //input[contains(@type,'password')]]]
16:08:09.930 INFO - Executing: [find element: By.xpath: //input[contains(@type,'password')]])
16:08:09.950 INFO - Done: [find element: By.xpath: //input[contains(@type,'password')]]
16:08:09.953 INFO - Executing: [send keys: 3 [[ChromeDriver: chrome on XP (cb215faafa2c01cc35bb8eb56f2c7c97)] -> xpath: //input[contains(@type,'password')]], [p, a, s, s, w, 0, r, d, #]])
16:08:10.032 INFO - Done: [send keys: 3 [[ChromeDriver: chrome on XP (cb215faafa2c01cc35bb8eb56f2c7c97)] -> xpath: //input[contains(@type,'password')]], [p, a, s, s, w, 0, r, d, #]]
16:08:10.043 INFO - Executing: [find elements: By.xpath: //a[contains(@role,'button')][text()='Sign in']])
16:08:10.070 INFO - Done: [find elements: By.xpath: //a[contains(@role,'button')][text()='Sign in']]
16:08:10.075 INFO - Executing: [find element: By.xpath: //a[contains(@role,'button')][text()='Sign in']])
16:08:10.098 INFO - Done: [find element: By.xpath: //a[contains(@role,'button')][text()='Sign in']]
16:08:10.099 INFO - Executing: [mousemove: 4 true])
16:08:10.115 INFO - Done: [mousemove: 4 true]
16:08:10.115 INFO - Executing: [find element: By.xpath: //a[contains(@role,'button')][text()='Sign in']])
16:08:10.130 INFO - Done: [find element: By.xpath: //a[contains(@role,'button')][text()='Sign in']]
16:08:10.130 INFO - Executing: [click: 4 [[ChromeDriver: chrome on XP (cb215faafa2c01cc35bb8eb56f2c7c97)] -> xpath: //a[contains(@role,'button')][text()='Sign in']]])
16:08:10.191 INFO - Done: [click: 4 [[ChromeDriver: chrome on XP (cb215faafa2c01cc35bb8eb56f2c7c97)] -> xpath: //a[contains(@role,'button')][text()='Sign in']]]
16:08:11.241 INFO - Executing: [find elements: By.xpath: //spn[contains(@class,'')]])
16:08:11.265 INFO - Done: [find elements: By.xpath: //spn[contains(@class,'')]]
16:08:11.803 INFO - Executing: [find elements: By.xpath: //spn[contains(@class,'')]])
16:08:11.872 INFO - Done: [find elements: By.xpath: //spn[contains(@class,'')]]
16:08:12.382 INFO - Executing: [find elements: By.xpath: //spn[contains(@class,'')]])
16:08:12.435 INFO - Done: [find elements: By.xpath: //spn[contains(@class,'')]]
16:08:12.951 INFO - Executing: [find elements: By.xpath: //spn[contains(@class,'')]])
16:08:12.982 INFO - Done: [find elements: By.xpath: //spn[contains(@class,'')]]
16:08:13.505 INFO - Executing: [find elements: By.xpath: //spn[contains(@class,'')]])
16:08:13.536 INFO - Done: [find elements: By.xpath: //spn[contains(@class,'')]]
16:08:14.055 INFO - Executing: [find elements: By.xpath: //spn[contains(@class,'')]])
16:08:14.086 INFO - Done: [find elements: By.xpath: //spn[contains(@class,'')]]
16:08:14.608 INFO - Executing: [find elements: By.xpath: //spn[contains(@class,'')]])
16:08:14.639 INFO - Done: [find elements: By.xpath: //spn[contains(@class,'')]]
16:08:15.172 INFO - Executing: [find elements: By.xpath: //spn[contains(@class,'')]])
16:08:15.187 INFO - Done: [find elements: By.xpath: //spn[contains(@class,'')]]
16:08:15.710 INFO - Executing: [find elements: By.xpath: //spn[contains(@class,'')]])
16:08:15.754 INFO - Done: [find elements: By.xpath: //spn[contains(@class,'')]]
16:08:16.264 INFO - Executing: [find elements: By.xpath: //spn[contains(@class,'')]])
16:08:16.312 INFO - Done: [find elements: By.xpath: //spn[contains(@class,'')]]
16:08:16.830 INFO - Executing: [find elements: By.xpath: //spn[contains(@class,'')]])
16:08:16.877 INFO - Done: [find elements: By.xpath: //spn[contains(@class,'')]]
16:08:17.396 INFO - Executing: [find elements: By.xpath: //spn[contains(@class,'')]])
16:08:17.434 INFO - Done: [find elements: By.xpath: //spn[contains(@class,'')]]
16:08:17.949 INFO - Executing: [find elements: By.xpath: //spn[contains(@class,'')]])
16:08:17.949 INFO - Done: [find elements: By.xpath: //spn[contains(@class,'')]]
16:08:18.466 INFO - Executing: [find elements: By.xpath: //spn[contains(@class,'')]])
16:08:18.519 INFO - Done: [find elements: By.xpath: //spn[contains(@class,'')]]
16:08:19.035 INFO - Executing: [find elements: By.xpath: //spn[contains(@class,'')]])
16:08:19.051 INFO - Done: [find elements: By.xpath: //spn[contains(@class,'')]]
16:08:19.568 INFO - Executing: [find elements: By.xpath: //spn[contains(@class,'')]])
16:08:19.584 INFO - Done: [find elements: By.xpath: //spn[contains(@class,'')]]
16:08:20.100 INFO - Executing: [find elements: By.xpath: //spn[contains(@class,'')]])
16:08:20.116 INFO - Done: [find elements: By.xpath: //spn[contains(@class,'')]]
16:08:20.622 INFO - Executing: [find elements: By.xpath: //spn[contains(@class,'')]])
16:08:20.654 INFO - Done: [find elements: By.xpath: //spn[contains(@class,'')]]
16:08:21.170 INFO - Executing: [find elements: By.xpath: //spn[contains(@class,'')]])
16:08:21.186 INFO - Done: [find elements: By.xpath: //spn[contains(@class,'')]]
16:08:21.715 INFO - Executing: [find elements: By.xpath: //spn[contains(@class,'')]])
16:08:21.724 INFO - Done: [find elements: By.xpath: //spn[contains(@class,'')]]
